<?xml version="1.0" encoding="UTF-8" ?>
<testsuites disabled="0" errors="0" failures="0" tests="20" time="0.178">
 <testsuite name="fileTree" timestamp="2022-09-16T09:02:23" hostname="localhost" time="0.089" errors="0" tests="0" skipped="0" disabled="0" failures="0">
 </testsuite>
 <testsuite name="fileTree.created from simple-data.json dataSet" timestamp="2022-09-16T09:02:23" hostname="localhost" time="0.042" errors="0" tests="9" skipped="0" disabled="0" failures="0">
  <testcase classname="fileTree.created from simple-data.json dataSet" name="tree node 877234010 should have correct data" time="0.002" />
  <testcase classname="fileTree.created from simple-data.json dataSet" name="tree node 877234010 should have correct parent" time="0" />
  <testcase classname="fileTree.created from simple-data.json dataSet" name="tree node 877234002 should have correct data" time="0.009" />
  <testcase classname="fileTree.created from simple-data.json dataSet" name="tree node 877234002 should have correct parent" time="0" />
  <testcase classname="fileTree.created from simple-data.json dataSet" name="tree node 877234003 should have correct data" time="0" />
  <testcase classname="fileTree.created from simple-data.json dataSet" name="tree node 877234003 should have correct parent" time="0" />
  <testcase classname="fileTree.created from simple-data.json dataSet" name="tree node 877234004 should have correct data" time="0.001" />
  <testcase classname="fileTree.created from simple-data.json dataSet" name="tree node 877234004 should have correct parent" time="0" />
  <testcase classname="fileTree.created from simple-data.json dataSet" name="should contain all nodes from dataset" time="0" />
 </testsuite>
 <testsuite name="fileTree.created from data-for-bug.json dataSet" timestamp="2022-09-16T09:02:23" hostname="localhost" time="0.047" errors="0" tests="11" skipped="0" disabled="0" failures="0">
  <testcase classname="fileTree.created from data-for-bug.json dataSet" name="tree node 7832454551 should have correct data" time="0" />
  <testcase classname="fileTree.created from data-for-bug.json dataSet" name="tree node 7832454551 should have correct parent" time="0" />
  <testcase classname="fileTree.created from data-for-bug.json dataSet" name="tree node 7832454554 should have correct data" time="0.015" />
  <testcase classname="fileTree.created from data-for-bug.json dataSet" name="tree node 7832454554 should have correct parent" time="0" />
  <testcase classname="fileTree.created from data-for-bug.json dataSet" name="tree node 7832454555 should have correct data" time="0" />
  <testcase classname="fileTree.created from data-for-bug.json dataSet" name="tree node 7832454555 should have correct parent" time="0.001" />
  <testcase classname="fileTree.created from data-for-bug.json dataSet" name="tree node 7832454553 should have correct data" time="0.001" />
  <testcase classname="fileTree.created from data-for-bug.json dataSet" name="tree node 7832454553 should have correct parent" time="0" />
  <testcase classname="fileTree.created from data-for-bug.json dataSet" name="tree node 7832454552 should have correct data" time="0.001" />
  <testcase classname="fileTree.created from data-for-bug.json dataSet" name="tree node 7832454552 should have correct parent" time="0.001" />
  <testcase classname="fileTree.created from data-for-bug.json dataSet" name="should contain all nodes from dataset" time="0" />
 </testsuite>
</testsuites>